<?xml version="1.0" encoding="UTF-8"?>
<!-- Generated by org.testng.reporters.JUnitReportReporter -->
<testsuite hostname="codespaces-d062ae" failures="0" tests="1" name="pkgTestNg.testNGDemo" time="0.013" errors="0" timestamp="2023-09-09T12:28:15 UTC" skipped="0">
  <testcase classname="pkgTestNg.testNGDemo" name="test" time="0.013"/>
</testsuite> <!-- pkgTestNg.testNGDemo -->
